2025-02-13 10:55:10 [ERROR]: Error 302: "User already exists"
2025-02-13 12:24:39 [ERROR]: Error 404: {"message":"Cannot POST /documents/upload","error":"Not Found","statusCode":404}
2025-02-13 12:27:31 [ERROR]: Error 404: {"message":"Cannot POST /documents/upload","error":"Not Found","statusCode":404}
2025-02-13 12:34:19 [ERROR]: Error 404: {"message":"Cannot POST /documents/upload","error":"Not Found","statusCode":404}
2025-02-13 12:34:52 [ERROR]: Error 403: {"message":"Forbidden resource","error":"Forbidden","statusCode":403}
2025-02-13 12:36:32 [ERROR]: Error 403: {"message":"Forbidden resource","error":"Forbidden","statusCode":403}
2025-02-13 12:37:00 [ERROR]: Error 403: {"message":"Forbidden resource","error":"Forbidden","statusCode":403}
2025-02-13 12:37:09 [ERROR]: Error 403: {"message":"Forbidden resource","error":"Forbidden","statusCode":403}
2025-02-13 12:37:18 [ERROR]: Error 403: {"message":"Forbidden resource","error":"Forbidden","statusCode":403}
2025-02-13 12:39:06 [ERROR]: Error 403: {"message":"Forbidden resource","error":"Forbidden","statusCode":403}
2025-02-13 12:39:29 [ERROR]: Error 403: {"message":"Forbidden resource","error":"Forbidden","statusCode":403}
2025-02-13 12:41:16 [ERROR]: Error 403: {"message":"Forbidden resource","error":"Forbidden","statusCode":403}
2025-02-13 13:10:05 [ERROR]: Error 401: {"message":"Unauthorized","statusCode":401}
2025-02-13 13:10:34 [ERROR]: Error 401: {"message":"Unauthorized","statusCode":401}
2025-02-13 13:10:51 [ERROR]: Error 401: {"message":"Unauthorized","statusCode":401}
2025-02-13 13:11:22 [ERROR]: Error 401: {"message":"Unauthorized","statusCode":401}
2025-02-13 13:51:07 [ERROR]: Error 401: {"message":"Unauthorized","statusCode":401}
2025-02-13 13:51:11 [ERROR]: Error 401: {"message":"Unauthorized","statusCode":401}
2025-02-13 13:51:29 [ERROR]: Error 401: {"message":"Unauthorized","statusCode":401}
2025-02-13 13:51:44 [ERROR]: Error 401: {"message":"Unauthorized","statusCode":401}
2025-02-13 13:52:17 [ERROR]: Error 404: {"message":"User not found","error":"Not Found","statusCode":404}
2025-02-13 13:52:28 [ERROR]: Error 401: {"message":"Unauthorized","statusCode":401}
2025-02-13 13:54:13 [ERROR]: Error 404: {"message":"User not found","error":"Not Found","statusCode":404}
2025-02-13 13:54:36 [ERROR]: Error 404: {"message":"User not found","error":"Not Found","statusCode":404}
2025-02-13 14:02:16 [ERROR]: Error 404: {"message":"User not found","error":"Not Found","statusCode":404}
2025-02-13 14:02:34 [ERROR]: Error 404: {"message":"User not found","error":"Not Found","statusCode":404}
2025-02-13 14:03:25 [ERROR]: Error 404: {"message":"User not found","error":"Not Found","statusCode":404}
2025-02-13 14:05:21 [ERROR]: Error 401: {"message":"Not authenticated","error":"Unauthorized","statusCode":401}
2025-02-13 14:05:29 [ERROR]: Error 401: {"message":"Not authenticated","error":"Unauthorized","statusCode":401}
2025-02-13 14:05:59 [ERROR]: Error 401: {"message":"Not authenticated","error":"Unauthorized","statusCode":401}
2025-02-13 14:06:50 [ERROR]: Error 401: {"message":"Not authenticated","error":"Unauthorized","statusCode":401}
2025-02-13 14:08:32 [ERROR]: Error 401: {"message":"Not authenticated","error":"Unauthorized","statusCode":401}
2025-02-13 14:11:21 [ERROR]: Error 401: {"message":"Not authenticated","error":"Unauthorized","statusCode":401}
2025-02-13 14:12:00 [ERROR]: Error 401: {"message":"Not authenticated","error":"Unauthorized","statusCode":401}
2025-02-13 14:13:14 [ERROR]: Error 401: {"message":"Not authenticated","error":"Unauthorized","statusCode":401}
2025-02-13 14:13:17 [ERROR]: Error 401: {"message":"Not authenticated","error":"Unauthorized","statusCode":401}
2025-02-13 14:14:24 [ERROR]: Error 401: {"message":"Not authenticated","error":"Unauthorized","statusCode":401}
2025-02-13 14:14:59 [ERROR]: Error 401: {"message":"Not authenticated","error":"Unauthorized","statusCode":401}
2025-02-13 14:18:52 [ERROR]: Error 403: {"message":"Forbidden resource","error":"Forbidden","statusCode":403}
2025-02-13 14:32:50 [ERROR]: Error 401: {"message":"Unauthorized","statusCode":401}
2025-02-13 14:33:41 [ERROR]: Error 401: {"message":"Unauthorized","statusCode":401}
2025-02-13 14:34:27 [ERROR]: Error 403: {"message":"Forbidden resource","error":"Forbidden","statusCode":403}
2025-02-13 14:35:02 [ERROR]: Error 403: {"message":"Forbidden resource","error":"Forbidden","statusCode":403}
2025-02-13 14:43:19 [ERROR]: Error 401: {"message":"Invalid email or password","error":"Unauthorized","statusCode":401}
2025-02-13 14:45:12 [ERROR]: Error 401: {"message":"Unauthorized","statusCode":401}
2025-02-13 14:45:16 [ERROR]: Error 401: {"message":"Unauthorized","statusCode":401}
2025-02-13 14:46:15 [ERROR]: Error 401: {"message":"Unauthorized","statusCode":401}
2025-02-13 14:47:58 [ERROR]: Error 401: {"message":"Unauthorized","statusCode":401}
